<?xml version="1.0" encoding="UTF-8"?>
<!-- Generated by org.testng.reporters.JUnitXMLReporter -->
<testsuite ignored="0" hostname="WALR-8156DL3" failures="1" tests="6" name="Test" time="145.894" errors="0" timestamp="2023-11-30T11:47:03 IST">
  <testcase classname="testcases.Tc_001_logopresence" name="logopresence" time="0.087"/>
  <testcase classname="testcases.Tc_002_logintest" name="logintest" time="15.597"/>
  <testcase classname="testcases.TC_003_Resetpwdtest" name="Testresetpassword" time="2.765"/>
  <testcase classname="testcases.Tc_002_logintestddtdriven" name="logintest" time="12.206"/>
  <testcase classname="testcases.Tc_002_logintestddtdriven" name="logintest" time="12.096">
    <failure type="java.lang.AssertionError" message="expected [true] but found [false]">
      <![CDATA[java.lang.AssertionError: expected [true] but found [false]
at testcases.Tc_002_logintestddtdriven.logintest(Tc_002_logintestddtdriven.java:45)
at java.base/java.util.ArrayList.forEach(ArrayList.java:1511)
... Removed 33 stack frames]]>
    </failure>
  </testcase> <!-- logintest -->
  <testcase classname="testcases.TC_005_Createprojecttes" name="Createprojecttest" time="11.538"/>
</testsuite> <!-- Test -->
