<?xml version="1.0" encoding="UTF-8"?>
<testng-results ignored="0" total="6" passed="5" failed="1" skipped="0">
  <reporter-output>
  </reporter-output>
  <suite started-at="2023-11-30T11:44:36 IST" name="Suite" finished-at="2023-11-30T11:47:02 IST" duration-ms="145894">
    <groups>
      <group name="regression">
        <method signature="TC_003_Resetpwdtest.Testresetpassword()[pri:0, instance:testcases.TC_003_Resetpwdtest@158da8e]" name="Testresetpassword" class="testcases.TC_003_Resetpwdtest"/>
        <method signature="TC_005_Createprojecttes.Createprojecttest()[pri:0, instance:testcases.TC_005_Createprojecttes@47af7f3d]" name="Createprojecttest" class="testcases.TC_005_Createprojecttes"/>
      </group> <!-- regression -->
      <group name="sanity">
        <method signature="Tc_001_logopresence.logopresence()[pri:0, instance:testcases.Tc_001_logopresence@15ff3e9e]" name="logopresence" class="testcases.Tc_001_logopresence"/>
        <method signature="Tc_002_logintest.logintest()[pri:0, instance:testcases.Tc_002_logintest@6aba2b86]" name="logintest" class="testcases.Tc_002_logintest"/>
      </group> <!-- sanity -->
      <group name="master">
        <method signature="TC_003_Resetpwdtest.Testresetpassword()[pri:0, instance:testcases.TC_003_Resetpwdtest@158da8e]" name="Testresetpassword" class="testcases.TC_003_Resetpwdtest"/>
        <method signature="TC_005_Createprojecttes.Createprojecttest()[pri:0, instance:testcases.TC_005_Createprojecttes@47af7f3d]" name="Createprojecttest" class="testcases.TC_005_Createprojecttes"/>
        <method signature="Tc_001_logopresence.logopresence()[pri:0, instance:testcases.Tc_001_logopresence@15ff3e9e]" name="logopresence" class="testcases.Tc_001_logopresence"/>
        <method signature="Tc_002_logintest.logintest()[pri:0, instance:testcases.Tc_002_logintest@6aba2b86]" name="logintest" class="testcases.Tc_002_logintest"/>
      </group> <!-- master -->
    </groups>
    <test started-at="2023-11-30T11:44:36 IST" name="Test" finished-at="2023-11-30T11:47:02 IST" duration-ms="145894">
      <class name="testcases.TC_003_Resetpwdtest">
        <test-method is-config="true" signature="setupapp(java.lang.String)[pri:0, instance:testcases.TC_003_Resetpwdtest@158da8e]" started-at="2023-11-30T11:45:42 IST" name="setupapp" finished-at="2023-11-30T11:45:53 IST" duration-ms="11164" status="PASS">
          <params>
            <param index="0">
              <value>
                <![CDATA[chrome]]>
              </value>
            </param>
          </params>
          <reporter-output>
          </reporter-output>
        </test-method> <!-- setupapp -->
        <test-method signature="Testresetpassword()[pri:0, instance:testcases.TC_003_Resetpwdtest@158da8e]" started-at="2023-11-30T11:45:53 IST" name="Testresetpassword" finished-at="2023-11-30T11:45:56 IST" duration-ms="2765" status="PASS">
          <reporter-output>
          </reporter-output>
        </test-method> <!-- Testresetpassword -->
        <test-method is-config="true" signature="teardown()[pri:0, instance:testcases.TC_003_Resetpwdtest@158da8e]" started-at="2023-11-30T11:45:56 IST" name="teardown" finished-at="2023-11-30T11:45:56 IST" duration-ms="360" status="PASS">
          <reporter-output>
          </reporter-output>
        </test-method> <!-- teardown -->
      </class> <!-- testcases.TC_003_Resetpwdtest -->
      <class name="testcases.Tc_001_logopresence">
        <test-method is-config="true" signature="setupapp(java.lang.String)[pri:0, instance:testcases.Tc_001_logopresence@15ff3e9e]" started-at="2023-11-30T11:44:36 IST" name="setupapp" finished-at="2023-11-30T11:45:11 IST" duration-ms="35084" status="PASS">
          <params>
            <param index="0">
              <value>
                <![CDATA[chrome]]>
              </value>
            </param>
          </params>
          <reporter-output>
          </reporter-output>
        </test-method> <!-- setupapp -->
        <test-method signature="logopresence()[pri:0, instance:testcases.Tc_001_logopresence@15ff3e9e]" started-at="2023-11-30T11:45:11 IST" name="logopresence" finished-at="2023-11-30T11:45:11 IST" duration-ms="87" status="PASS">
          <reporter-output>
          </reporter-output>
        </test-method> <!-- logopresence -->
        <test-method is-config="true" signature="teardown()[pri:0, instance:testcases.Tc_001_logopresence@15ff3e9e]" started-at="2023-11-30T11:45:11 IST" name="teardown" finished-at="2023-11-30T11:45:12 IST" duration-ms="142" status="PASS">
          <reporter-output>
          </reporter-output>
        </test-method> <!-- teardown -->
      </class> <!-- testcases.Tc_001_logopresence -->
      <class name="testcases.Tc_002_logintestddtdriven">
        <test-method is-config="true" signature="setupapp(java.lang.String)[pri:0, instance:testcases.Tc_002_logintestddtdriven@74e52303]" started-at="2023-11-30T11:45:56 IST" name="setupapp" finished-at="2023-11-30T11:46:09 IST" duration-ms="13100" status="PASS">
          <params>
            <param index="0">
              <value>
                <![CDATA[chrome]]>
              </value>
            </param>
          </params>
          <reporter-output>
          </reporter-output>
        </test-method> <!-- setupapp -->
        <test-method signature="logintest(java.lang.String,java.lang.String,java.lang.String)[pri:0, instance:testcases.Tc_002_logintestddtdriven@74e52303]" started-at="2023-11-30T11:46:11 IST" name="logintest" data-provider="LoginData" finished-at="2023-11-30T11:46:23 IST" duration-ms="12206" status="PASS">
          <params>
            <param index="0">
              <value>
                <![CDATA[nivas.gawade@walr.com]]>
              </value>
            </param>
            <param index="1">
              <value>
                <![CDATA[12345678]]>
              </value>
            </param>
            <param index="2">
              <value>
                <![CDATA[valid]]>
              </value>
            </param>
          </params>
          <reporter-output>
          </reporter-output>
        </test-method> <!-- logintest -->
        <test-method signature="logintest(java.lang.String,java.lang.String,java.lang.String)[pri:0, instance:testcases.Tc_002_logintestddtdriven@74e52303]" started-at="2023-11-30T11:46:23 IST" name="logintest" data-provider="LoginData" finished-at="2023-11-30T11:46:35 IST" duration-ms="12096" status="FAIL">
          <params>
            <param index="0">
              <value>
                <![CDATA[nivas.gawade@gmail.com]]>
              </value>
            </param>
            <param index="1">
              <value>
                <![CDATA[test@123]]>
              </value>
            </param>
            <param index="2">
              <value>
                <![CDATA[valid]]>
              </value>
            </param>
          </params>
          <exception class="java.lang.AssertionError">
            <message>
              <![CDATA[expected [true] but found [false]]]>
            </message>
            <full-stacktrace>
              <![CDATA[java.lang.AssertionError: expected [true] but found [false]
at org.testng.Assert.fail(Assert.java:110)
at org.testng.Assert.failNotEquals(Assert.java:1413)
at org.testng.Assert.assertTrue(Assert.java:56)
at org.testng.Assert.assertTrue(Assert.java:66)
at testcases.Tc_002_logintestddtdriven.logintest(Tc_002_logintestddtdriven.java:45)
at java.base/jdk.internal.reflect.DirectMethodHandleAccessor.invoke(DirectMethodHandleAccessor.java:104)
at java.base/java.lang.reflect.Method.invoke(Method.java:578)
at org.testng.internal.invokers.MethodInvocationHelper.invokeMethod(MethodInvocationHelper.java:139)
at org.testng.internal.invokers.TestInvoker.invokeMethod(TestInvoker.java:677)
at org.testng.internal.invokers.TestInvoker.invokeTestMethod(TestInvoker.java:221)
at org.testng.internal.invokers.MethodRunner.runInSequence(MethodRunner.java:50)
at org.testng.internal.invokers.TestInvoker$MethodInvocationAgent.invoke(TestInvoker.java:962)
at org.testng.internal.invokers.TestInvoker.invokeTestMethods(TestInvoker.java:194)
at org.testng.internal.invokers.TestMethodWorker.invokeTestMethods(TestMethodWorker.java:148)
at org.testng.internal.invokers.TestMethodWorker.run(TestMethodWorker.java:128)
at java.base/java.util.ArrayList.forEach(ArrayList.java:1511)
at org.testng.TestRunner.privateRun(TestRunner.java:806)
at org.testng.TestRunner.run(TestRunner.java:601)
at org.testng.SuiteRunner.runTest(SuiteRunner.java:433)
at org.testng.SuiteRunner.runSequentially(SuiteRunner.java:427)
at org.testng.SuiteRunner.privateRun(SuiteRunner.java:387)
at org.testng.SuiteRunner.run(SuiteRunner.java:330)
at org.testng.SuiteRunnerWorker.runSuite(SuiteRunnerWorker.java:52)
at org.testng.SuiteRunnerWorker.run(SuiteRunnerWorker.java:95)
at org.testng.TestNG.runSuitesSequentially(TestNG.java:1256)
at org.testng.TestNG.runSuitesLocally(TestNG.java:1176)
at org.testng.TestNG.runSuites(TestNG.java:1099)
at org.testng.TestNG.run(TestNG.java:1067)
at org.apache.maven.surefire.testng.TestNGExecutor.run(TestNGExecutor.java:324)
at org.apache.maven.surefire.testng.TestNGXmlTestSuite.execute(TestNGXmlTestSuite.java:74)
at org.apache.maven.surefire.testng.TestNGProvider.invoke(TestNGProvider.java:123)
at org.apache.maven.surefire.booter.ForkedBooter.runSuitesInProcess(ForkedBooter.java:456)
at org.apache.maven.surefire.booter.ForkedBooter.execute(ForkedBooter.java:169)
at org.apache.maven.surefire.booter.ForkedBooter.run(ForkedBooter.java:595)
at org.apache.maven.surefire.booter.ForkedBooter.main(ForkedBooter.java:581)
]]>
            </full-stacktrace>
          </exception> <!-- java.lang.AssertionError -->
          <reporter-output>
          </reporter-output>
        </test-method> <!-- logintest -->
        <test-method is-config="true" signature="teardown()[pri:0, instance:testcases.Tc_002_logintestddtdriven@74e52303]" started-at="2023-11-30T11:46:36 IST" name="teardown" finished-at="2023-11-30T11:46:36 IST" duration-ms="369" status="PASS">
          <reporter-output>
          </reporter-output>
        </test-method> <!-- teardown -->
      </class> <!-- testcases.Tc_002_logintestddtdriven -->
      <class name="testcases.Tc_002_logintest">
        <test-method is-config="true" signature="setupapp(java.lang.String)[pri:0, instance:testcases.Tc_002_logintest@6aba2b86]" started-at="2023-11-30T11:45:12 IST" name="setupapp" finished-at="2023-11-30T11:45:26 IST" duration-ms="14139" status="PASS">
          <params>
            <param index="0">
              <value>
                <![CDATA[chrome]]>
              </value>
            </param>
          </params>
          <reporter-output>
          </reporter-output>
        </test-method> <!-- setupapp -->
        <test-method signature="logintest()[pri:0, instance:testcases.Tc_002_logintest@6aba2b86]" started-at="2023-11-30T11:45:26 IST" name="logintest" finished-at="2023-11-30T11:45:41 IST" duration-ms="15597" status="PASS">
          <reporter-output>
          </reporter-output>
        </test-method> <!-- logintest -->
        <test-method is-config="true" signature="teardown()[pri:0, instance:testcases.Tc_002_logintest@6aba2b86]" started-at="2023-11-30T11:45:41 IST" name="teardown" finished-at="2023-11-30T11:45:42 IST" duration-ms="385" status="PASS">
          <reporter-output>
          </reporter-output>
        </test-method> <!-- teardown -->
      </class> <!-- testcases.Tc_002_logintest -->
      <class name="testcases.TC_005_Createprojecttes">
        <test-method is-config="true" signature="setupapp(java.lang.String)[pri:0, instance:testcases.TC_005_Createprojecttes@47af7f3d]" started-at="2023-11-30T11:46:36 IST" name="setupapp" finished-at="2023-11-30T11:46:50 IST" duration-ms="14065" status="PASS">
          <params>
            <param index="0">
              <value>
                <![CDATA[chrome]]>
              </value>
            </param>
          </params>
          <reporter-output>
          </reporter-output>
        </test-method> <!-- setupapp -->
        <test-method signature="Createprojecttest()[pri:0, instance:testcases.TC_005_Createprojecttes@47af7f3d]" started-at="2023-11-30T11:46:50 IST" name="Createprojecttest" finished-at="2023-11-30T11:47:02 IST" duration-ms="11538" status="PASS">
          <reporter-output>
          </reporter-output>
        </test-method> <!-- Createprojecttest -->
        <test-method is-config="true" signature="teardown()[pri:0, instance:testcases.TC_005_Createprojecttes@47af7f3d]" started-at="2023-11-30T11:47:02 IST" name="teardown" finished-at="2023-11-30T11:47:02 IST" duration-ms="225" status="PASS">
          <reporter-output>
          </reporter-output>
        </test-method> <!-- teardown -->
      </class> <!-- testcases.TC_005_Createprojecttes -->
    </test> <!-- Test -->
  </suite> <!-- Suite -->
</testng-results>
